2024-07-29 13:16:22.995 [main] INFO  c.example.pushmatrixweb.PushMatrixWebApplication - Starting PushMatrixWebApplication using Java 21.0.2 with PID 15304 (E:\PushMatrix\PushMatrix-Web\target\classes started by pzq1 in E:\PushMatrix)
2024-07-29 13:16:22.997 [main] INFO  c.example.pushmatrixweb.PushMatrixWebApplication - No active profile set, falling back to 1 default profile: "default"
2024-07-29 13:16:23.563 [main] INFO  o.s.boot.web.embedded.tomcat.TomcatWebServer - Tomcat initialized with port 8080 (http)
2024-07-29 13:16:23.571 [main] INFO  org.apache.coyote.http11.Http11NioProtocol - Initializing ProtocolHandler ["http-nio-8080"]
2024-07-29 13:16:23.573 [main] INFO  org.apache.catalina.core.StandardService - Starting service [Tomcat]
2024-07-29 13:16:23.573 [main] INFO  org.apache.catalina.core.StandardEngine - Starting Servlet engine: [Apache Tomcat/10.1.26]
2024-07-29 13:16:23.607 [main] INFO  o.a.c.core.ContainerBase.[Tomcat].[localhost].[/] - Initializing Spring embedded WebApplicationContext
2024-07-29 13:16:23.608 [main] INFO  o.s.b.w.s.c.ServletWebServerApplicationContext - Root WebApplicationContext: initialization completed in 571 ms
2024-07-29 13:16:23.808 [main] INFO  org.apache.coyote.http11.Http11NioProtocol - Starting ProtocolHandler ["http-nio-8080"]
2024-07-29 13:16:23.822 [main] INFO  o.s.boot.web.embedded.tomcat.TomcatWebServer - Tomcat started on port 8080 (http) with context path '/'
2024-07-29 13:16:23.827 [main] INFO  c.example.pushmatrixweb.PushMatrixWebApplication - Started PushMatrixWebApplication in 1.077 seconds (process running for 1.641)
2024-07-29 13:16:43.645 [http-nio-8080-exec-1] INFO  o.a.c.core.ContainerBase.[Tomcat].[localhost].[/] - Initializing Spring DispatcherServlet 'dispatcherServlet'
2024-07-29 13:16:43.645 [http-nio-8080-exec-1] INFO  org.springframework.web.servlet.DispatcherServlet - Initializing Servlet 'dispatcherServlet'
2024-07-29 13:16:43.646 [http-nio-8080-exec-1] INFO  org.springframework.web.servlet.DispatcherServlet - Completed initialization in 1 ms
2024-07-29 13:16:43.680 [http-nio-8080-exec-1] INFO  c.example.pushmatrixweb.PushMatrixWebApplication - info logback for austin
2024-07-29 13:25:14.794 [main] INFO  c.example.pushmatrixweb.PushMatrixWebApplication - Starting PushMatrixWebApplication using Java 21.0.2 with PID 26984 (E:\PushMatrix\PushMatrix-Web\target\classes started by pzq1 in E:\PushMatrix)
2024-07-29 13:25:14.797 [main] INFO  c.example.pushmatrixweb.PushMatrixWebApplication - No active profile set, falling back to 1 default profile: "default"
2024-07-29 13:25:15.429 [main] INFO  o.s.boot.web.embedded.tomcat.TomcatWebServer - Tomcat initialized with port 8080 (http)
2024-07-29 13:25:15.438 [main] INFO  org.apache.coyote.http11.Http11NioProtocol - Initializing ProtocolHandler ["http-nio-8080"]
2024-07-29 13:25:15.439 [main] INFO  org.apache.catalina.core.StandardService - Starting service [Tomcat]
2024-07-29 13:25:15.439 [main] INFO  org.apache.catalina.core.StandardEngine - Starting Servlet engine: [Apache Tomcat/10.1.26]
2024-07-29 13:25:15.472 [main] INFO  o.a.c.core.ContainerBase.[Tomcat].[localhost].[/] - Initializing Spring embedded WebApplicationContext
2024-07-29 13:25:15.472 [main] INFO  o.s.b.w.s.c.ServletWebServerApplicationContext - Root WebApplicationContext: initialization completed in 633 ms
2024-07-29 13:25:15.686 [main] INFO  org.apache.coyote.http11.Http11NioProtocol - Starting ProtocolHandler ["http-nio-8080"]
2024-07-29 13:25:15.700 [main] INFO  o.s.boot.web.embedded.tomcat.TomcatWebServer - Tomcat started on port 8080 (http) with context path '/'
2024-07-29 13:25:15.704 [main] INFO  c.example.pushmatrixweb.PushMatrixWebApplication - Started PushMatrixWebApplication in 1.168 seconds (process running for 1.766)
