2024-07-31 18:59:45.044 [main] INFO  org.example.pushMatrix.PushMatrixApplication - Starting PushMatrixApplication using Java 21.0.2 with PID 44556 (E:\PushMatrix\PushMatrix-Web\target\classes started by pzq1 in E:\PushMatrix)
2024-07-31 18:59:45.047 [main] INFO  org.example.pushMatrix.PushMatrixApplication - No active profile set, falling back to 1 default profile: "default"
2024-07-31 18:59:45.694 [main] INFO  o.s.boot.web.embedded.tomcat.TomcatWebServer - Tomcat initialized with port 8080 (http)
2024-07-31 18:59:45.704 [main] INFO  org.apache.coyote.http11.Http11NioProtocol - Initializing ProtocolHandler ["http-nio-8080"]
2024-07-31 18:59:45.705 [main] INFO  org.apache.catalina.core.StandardService - Starting service [Tomcat]
2024-07-31 18:59:45.705 [main] INFO  org.apache.catalina.core.StandardEngine - Starting Servlet engine: [Apache Tomcat/10.1.26]
2024-07-31 18:59:45.744 [main] INFO  o.a.c.core.ContainerBase.[Tomcat].[localhost].[/] - Initializing Spring embedded WebApplicationContext
2024-07-31 18:59:45.744 [main] INFO  o.s.b.w.s.c.ServletWebServerApplicationContext - Root WebApplicationContext: initialization completed in 665 ms
2024-07-31 18:59:46.108 [main] INFO  org.apache.coyote.http11.Http11NioProtocol - Starting ProtocolHandler ["http-nio-8080"]
2024-07-31 18:59:46.121 [main] INFO  o.s.boot.web.embedded.tomcat.TomcatWebServer - Tomcat started on port 8080 (http) with context path '/'
2024-07-31 18:59:46.126 [main] INFO  org.example.pushMatrix.PushMatrixApplication - Started PushMatrixApplication in 1.397 seconds (process running for 2.29)
2024-07-31 19:01:26.330 [http-nio-8080-exec-2] INFO  o.a.c.core.ContainerBase.[Tomcat].[localhost].[/] - Initializing Spring DispatcherServlet 'dispatcherServlet'
2024-07-31 19:01:26.331 [http-nio-8080-exec-2] INFO  org.springframework.web.servlet.DispatcherServlet - Initializing Servlet 'dispatcherServlet'
2024-07-31 19:01:26.332 [http-nio-8080-exec-2] INFO  org.springframework.web.servlet.DispatcherServlet - Completed initialization in 1 ms
2024-07-31 19:06:03.086 [main] INFO  org.example.pushMatrix.PushMatrixApplication - Starting PushMatrixApplication using Java 21.0.2 with PID 28648 (E:\PushMatrix\PushMatrix-Web\target\classes started by pzq1 in E:\PushMatrix)
2024-07-31 19:06:03.087 [main] INFO  org.example.pushMatrix.PushMatrixApplication - No active profile set, falling back to 1 default profile: "default"
2024-07-31 19:06:03.708 [main] INFO  o.s.boot.web.embedded.tomcat.TomcatWebServer - Tomcat initialized with port 8080 (http)
2024-07-31 19:06:03.716 [main] INFO  org.apache.coyote.http11.Http11NioProtocol - Initializing ProtocolHandler ["http-nio-8080"]
2024-07-31 19:06:03.717 [main] INFO  org.apache.catalina.core.StandardService - Starting service [Tomcat]
2024-07-31 19:06:03.717 [main] INFO  org.apache.catalina.core.StandardEngine - Starting Servlet engine: [Apache Tomcat/10.1.26]
2024-07-31 19:06:03.748 [main] INFO  o.a.c.core.ContainerBase.[Tomcat].[localhost].[/] - Initializing Spring embedded WebApplicationContext
2024-07-31 19:06:03.748 [main] INFO  o.s.b.w.s.c.ServletWebServerApplicationContext - Root WebApplicationContext: initialization completed in 623 ms
2024-07-31 19:06:04.081 [main] INFO  org.apache.coyote.http11.Http11NioProtocol - Starting ProtocolHandler ["http-nio-8080"]
2024-07-31 19:06:04.093 [main] INFO  o.s.boot.web.embedded.tomcat.TomcatWebServer - Tomcat started on port 8080 (http) with context path '/'
2024-07-31 19:06:04.106 [main] INFO  org.example.pushMatrix.PushMatrixApplication - Started PushMatrixApplication in 1.332 seconds (process running for 1.897)
2024-07-31 19:06:04.716 [http-nio-8080-exec-1] INFO  o.a.c.core.ContainerBase.[Tomcat].[localhost].[/] - Initializing Spring DispatcherServlet 'dispatcherServlet'
2024-07-31 19:06:04.716 [http-nio-8080-exec-1] INFO  org.springframework.web.servlet.DispatcherServlet - Initializing Servlet 'dispatcherServlet'
2024-07-31 19:06:04.717 [http-nio-8080-exec-1] INFO  org.springframework.web.servlet.DispatcherServlet - Completed initialization in 1 ms
2024-07-31 19:36:34.285 [main] INFO  org.example.pushMatrix.PushMatrixApplication - Starting PushMatrixApplication using Java 21.0.2 with PID 44252 (E:\PushMatrix\PushMatrix-Web\target\classes started by pzq1 in E:\PushMatrix)
2024-07-31 19:36:34.286 [main] INFO  org.example.pushMatrix.PushMatrixApplication - No active profile set, falling back to 1 default profile: "default"
2024-07-31 19:36:34.881 [main] INFO  o.s.boot.web.embedded.tomcat.TomcatWebServer - Tomcat initialized with port 8080 (http)
2024-07-31 19:36:34.889 [main] INFO  org.apache.coyote.http11.Http11NioProtocol - Initializing ProtocolHandler ["http-nio-8080"]
2024-07-31 19:36:34.890 [main] INFO  org.apache.catalina.core.StandardService - Starting service [Tomcat]
2024-07-31 19:36:34.890 [main] INFO  org.apache.catalina.core.StandardEngine - Starting Servlet engine: [Apache Tomcat/10.1.26]
2024-07-31 19:36:34.924 [main] INFO  o.a.c.core.ContainerBase.[Tomcat].[localhost].[/] - Initializing Spring embedded WebApplicationContext
2024-07-31 19:36:34.924 [main] INFO  o.s.b.w.s.c.ServletWebServerApplicationContext - Root WebApplicationContext: initialization completed in 605 ms
2024-07-31 19:36:35.260 [main] INFO  org.apache.coyote.http11.Http11NioProtocol - Starting ProtocolHandler ["http-nio-8080"]
2024-07-31 19:36:35.277 [main] INFO  o.s.boot.web.embedded.tomcat.TomcatWebServer - Tomcat started on port 8080 (http) with context path '/'
2024-07-31 19:36:35.285 [main] INFO  org.example.pushMatrix.PushMatrixApplication - Started PushMatrixApplication in 1.26 seconds (process running for 1.834)
2024-07-31 19:36:43.759 [http-nio-8080-exec-1] INFO  o.a.c.core.ContainerBase.[Tomcat].[localhost].[/] - Initializing Spring DispatcherServlet 'dispatcherServlet'
2024-07-31 19:36:43.759 [http-nio-8080-exec-1] INFO  org.springframework.web.servlet.DispatcherServlet - Initializing Servlet 'dispatcherServlet'
2024-07-31 19:36:43.760 [http-nio-8080-exec-1] INFO  org.springframework.web.servlet.DispatcherServlet - Completed initialization in 1 ms
